----------------------------------------
28.11.2014 23:25:23 Application started

----------------------------------------
----------------------------------------
28.11.2014 23:25:23 OpenGL Version: 3.3.0

----------------------------------------
----------------------------------------
29.11.2014 00:40:35 Application started

----------------------------------------
----------------------------------------
29.11.2014 00:40:36 OpenGL Version: 3.3.0

----------------------------------------
----------------------------------------
29.11.2014 00:41:09 Application started

----------------------------------------
----------------------------------------
29.11.2014 00:41:09 OpenGL Version: 3.3.0

----------------------------------------
----------------------------------------
29.11.2014 00:46:53 Application started

----------------------------------------
----------------------------------------
29.11.2014 00:46:54 OpenGL Version: 3.3.0

----------------------------------------
----------------------------------------
29.11.2014 12:30:45 Application started

----------------------------------------
----------------------------------------
29.11.2014 12:30:47 OpenGL Version: 3.3.0

----------------------------------------
----------------------------------------
29.11.2014 12:35:30 Application started

----------------------------------------
----------------------------------------
29.11.2014 12:35:31 OpenGL Version: 3.3.0

----------------------------------------
----------------------------------------
29.11.2014 12:38:57 Application started

----------------------------------------
----------------------------------------
29.11.2014 12:38:58 OpenGL Version: 3.3.0

----------------------------------------
----------------------------------------
29.11.2014 12:42:20 Application started

----------------------------------------
----------------------------------------
29.11.2014 12:42:21 OpenGL Version: 3.3.0

----------------------------------------
----------------------------------------
29.11.2014 12:44:36 Opened NC file: C:\Users\Martin\Dropbox\FreeCAM\SolidTurn\Release\SolidTurn\Resources\Example Programs\Bishop.cnc

----------------------------------------
----------------------------------------
29.11.2014 12:48:12 Application started

----------------------------------------
----------------------------------------
29.11.2014 12:48:12 OpenGL Version: 3.3.0

----------------------------------------
----------------------------------------
29.11.2014 12:48:22 Opened NC file: C:\Users\Martin\Dropbox\FreeCAM\SolidTurn\Release\SolidTurn\Resources\Example Programs\Bishop.cnc

----------------------------------------
----------------------------------------
29.11.2014 12:48:52 Application started

----------------------------------------
----------------------------------------
29.11.2014 12:48:53 OpenGL Version: 3.3.0

----------------------------------------
----------------------------------------
29.11.2014 12:49:19 Application started

----------------------------------------
----------------------------------------
29.11.2014 12:49:19 OpenGL Version: 3.3.0

----------------------------------------
----------------------------------------
29.11.2014 12:50:10 Application started

----------------------------------------
----------------------------------------
29.11.2014 12:50:11 OpenGL Version: 3.3.0

----------------------------------------
----------------------------------------
29.11.2014 12:53:02 Opened NC file: C:\Users\Martin\Dropbox\FreeCAM\SolidTurn\Release\SolidTurn\Resources\Example Programs\Bishop.cnc

----------------------------------------
----------------------------------------
29.11.2014 12:53:08 Rough part created

----------------------------------------
----------------------------------------
29.11.2014 12:53:10 Parsing program ... OK

----------------------------------------
----------------------------------------
29.11.2014 12:53:10 Execution started

----------------------------------------
----------------------------------------
29.11.2014 12:53:10 Trajectories calculated

----------------------------------------
----------------------------------------
29.11.2014 12:56:12 Execution finished

----------------------------------------
----------------------------------------
29.11.2014 12:56:12 Render thread finished

----------------------------------------
----------------------------------------
29.11.2014 12:57:18 Execution stopped

----------------------------------------
----------------------------------------
29.11.2014 12:57:18 Rough part created

----------------------------------------
----------------------------------------
29.11.2014 12:57:42 Opened NC file: C:\Users\Martin\Dropbox\FreeCAM\SolidTurn\Release\SolidTurn\Resources\Example Programs\Bolt.cnc

----------------------------------------
----------------------------------------
29.11.2014 12:57:55 Rough part created

----------------------------------------
----------------------------------------
29.11.2014 12:57:58 Parsing program ... OK

----------------------------------------
----------------------------------------
29.11.2014 12:57:58 Execution started

----------------------------------------
----------------------------------------
29.11.2014 12:57:58 Trajectories calculated

----------------------------------------
----------------------------------------
29.11.2014 12:59:19 Execution finished

----------------------------------------
----------------------------------------
29.11.2014 12:59:19 Render thread finished

----------------------------------------
----------------------------------------
29.11.2014 12:59:43 Execution stopped

----------------------------------------
----------------------------------------
29.11.2014 12:59:43 Rough part created

----------------------------------------
----------------------------------------
29.11.2014 13:00:10 Opened NC file: C:\Users\Martin\Dropbox\FreeCAM\SolidTurn\Release\SolidTurn\Resources\Example Programs\Pawn.cnc

----------------------------------------
----------------------------------------
29.11.2014 13:00:18 Rough part created

----------------------------------------
----------------------------------------
29.11.2014 13:00:20 Parsing program ... OK

----------------------------------------
----------------------------------------
29.11.2014 13:00:20 Execution started

----------------------------------------
----------------------------------------
29.11.2014 13:00:20 Trajectories calculated

----------------------------------------
----------------------------------------
29.11.2014 13:00:25 Render thread finished

----------------------------------------
----------------------------------------
29.11.2014 13:00:25 Execution stopped

----------------------------------------
----------------------------------------
29.11.2014 13:00:25 Rough part created

----------------------------------------
----------------------------------------
29.11.2014 13:01:17 Parsing program ... OK

----------------------------------------
----------------------------------------
29.11.2014 13:01:17 Execution started

----------------------------------------
----------------------------------------
29.11.2014 13:01:17 Trajectories calculated

----------------------------------------
----------------------------------------
29.11.2014 13:01:18 Render thread finished

----------------------------------------
----------------------------------------
29.11.2014 13:01:18 Execution stopped

----------------------------------------
----------------------------------------
29.11.2014 13:01:18 Rough part created

----------------------------------------
----------------------------------------
29.11.2014 13:01:24 Rough part created

----------------------------------------
----------------------------------------
29.11.2014 13:01:29 Rough part created

----------------------------------------
----------------------------------------
29.11.2014 13:01:30 Parsing program ... OK

----------------------------------------
----------------------------------------
29.11.2014 13:01:30 Execution started

----------------------------------------
----------------------------------------
29.11.2014 13:01:30 Trajectories calculated

----------------------------------------
----------------------------------------
29.11.2014 13:01:31 Render thread finished

----------------------------------------
----------------------------------------
29.11.2014 13:01:31 Execution stopped

----------------------------------------
----------------------------------------
29.11.2014 13:01:31 Rough part created

----------------------------------------
----------------------------------------
29.11.2014 13:01:35 Rough part created

----------------------------------------
----------------------------------------
29.11.2014 13:01:35 Parsing program ... OK

----------------------------------------
----------------------------------------
29.11.2014 13:01:35 Execution started

----------------------------------------
----------------------------------------
29.11.2014 13:01:35 Trajectories calculated

----------------------------------------
----------------------------------------
29.11.2014 13:01:44 Render thread finished

----------------------------------------
----------------------------------------
29.11.2014 13:01:44 Execution stopped

----------------------------------------
----------------------------------------
29.11.2014 13:01:44 Rough part created

----------------------------------------
----------------------------------------
29.11.2014 13:01:44 Parsing program ... OK

----------------------------------------
----------------------------------------
29.11.2014 13:01:44 Execution started

----------------------------------------
----------------------------------------
29.11.2014 13:01:44 Trajectories calculated

----------------------------------------
----------------------------------------
29.11.2014 13:01:48 Render thread finished

----------------------------------------
----------------------------------------
29.11.2014 13:01:48 Execution stopped

----------------------------------------
----------------------------------------
29.11.2014 13:01:48 Rough part created

----------------------------------------
----------------------------------------
29.11.2014 15:07:35 Application started

----------------------------------------
----------------------------------------
29.11.2014 15:07:37 OpenGL Version: 3.3.0

----------------------------------------
----------------------------------------
29.11.2014 15:12:56 Application started

----------------------------------------
----------------------------------------
29.11.2014 15:12:57 OpenGL Version: 3.3.0

----------------------------------------
----------------------------------------
29.11.2014 15:13:24 Opened NC file: C:\Users\Martin\Dropbox\SolidShape\SolidTurn\Release\SolidTurn\Resources\Example Programs\Queen.cnc

----------------------------------------
----------------------------------------
29.11.2014 15:13:29 Rough part created

----------------------------------------
----------------------------------------
29.11.2014 15:13:30 Parsing program ... OK

----------------------------------------
----------------------------------------
29.11.2014 15:13:30 Execution started

----------------------------------------
----------------------------------------
29.11.2014 15:13:30 Trajectories calculated

----------------------------------------
----------------------------------------
29.11.2014 15:26:21 Application started

----------------------------------------
----------------------------------------
29.11.2014 15:26:22 OpenGL Version: 3.3.0

----------------------------------------
----------------------------------------
29.11.2014 15:27:01 Application started

----------------------------------------
----------------------------------------
29.11.2014 15:27:01 OpenGL Version: 3.3.0

----------------------------------------
----------------------------------------
29.11.2014 15:28:15 Application started

----------------------------------------
----------------------------------------
29.11.2014 15:28:15 OpenGL Version: 3.3.0

----------------------------------------
----------------------------------------
29.11.2014 15:41:53 Opened NC file: C:\Users\Martin\Dropbox\SolidShape\SolidTurn\Release\SolidTurn\Resources\Example Programs\Bishop.cnc

----------------------------------------
----------------------------------------
29.11.2014 15:43:49 Rough part created

----------------------------------------
----------------------------------------
29.11.2014 15:43:52 Opened NC file: C:\Users\Martin\Dropbox\SolidShape\SolidTurn\Release\SolidTurn\Resources\Example Programs\Bishop.cnc

----------------------------------------
----------------------------------------
29.11.2014 15:43:57 Opened NC file: C:\Users\Martin\Dropbox\SolidShape\SolidTurn\Release\SolidTurn\Resources\Example Programs\Bolt.cnc

----------------------------------------
----------------------------------------
29.11.2014 15:44:01 Rough part created

----------------------------------------
----------------------------------------
29.11.2014 15:44:06 Opened NC file: C:\Users\Martin\Dropbox\SolidShape\SolidTurn\Release\SolidTurn\Resources\Example Programs\Bolt.cnc

----------------------------------------
----------------------------------------
29.11.2014 15:44:20 Opened NC file: C:\Users\Martin\Dropbox\SolidShape\SolidTurn\Release\SolidTurn\Resources\Example Programs\Bolt.cnc

----------------------------------------
----------------------------------------
29.11.2014 15:44:56 Parsing program ... OK

----------------------------------------
----------------------------------------
29.11.2014 15:44:56 Execution started

----------------------------------------
----------------------------------------
29.11.2014 15:44:56 Trajectories calculated

----------------------------------------
----------------------------------------
29.11.2014 15:44:58 Execution paused

----------------------------------------
----------------------------------------
29.11.2014 15:45:32 Resume execution

----------------------------------------
----------------------------------------
29.11.2014 15:45:37 Render thread finished

----------------------------------------
----------------------------------------
29.11.2014 15:45:37 Execution stopped

----------------------------------------
----------------------------------------
29.11.2014 15:45:37 Rough part created

----------------------------------------
----------------------------------------
29.11.2014 16:14:00 Application started

----------------------------------------
----------------------------------------
29.11.2014 16:14:01 OpenGL Version: 3.3.0

----------------------------------------
----------------------------------------
29.11.2014 16:26:35 Opened NC file: C:\Users\Martin\Dropbox\SolidShape\SolidTurn\Release\SolidTurn\Resources\Example Programs\Bolt.cnc

----------------------------------------
----------------------------------------
29.11.2014 16:27:19 Rough part created

----------------------------------------
----------------------------------------
29.11.2014 16:27:28 Parsing program ... OK

----------------------------------------
----------------------------------------
29.11.2014 16:27:28 Execution started

----------------------------------------
----------------------------------------
29.11.2014 16:27:28 Trajectories calculated

----------------------------------------
----------------------------------------
29.11.2014 16:28:38 Execution paused

----------------------------------------
----------------------------------------
29.11.2014 16:28:40 Resume execution

----------------------------------------
----------------------------------------
29.11.2014 16:28:51 Execution finished

----------------------------------------
----------------------------------------
29.11.2014 16:28:51 Render thread finished

----------------------------------------
----------------------------------------
29.11.2014 16:47:33 Application started

----------------------------------------
----------------------------------------
29.11.2014 16:47:34 OpenGL Version: 3.3.0

----------------------------------------
----------------------------------------
29.11.2014 16:47:38 Opened NC file: C:\Users\Martin\Dropbox\SolidShape\SolidTurn\Release\SolidTurn\Resources\Example Programs\Queen.cnc

----------------------------------------
----------------------------------------
29.11.2014 16:47:45 Rough part created

----------------------------------------
----------------------------------------
29.11.2014 16:47:59 Parsing program ... OK

----------------------------------------
----------------------------------------
29.11.2014 16:47:59 Execution started

----------------------------------------
----------------------------------------
29.11.2014 16:47:59 Trajectories calculated

----------------------------------------
----------------------------------------
29.11.2014 16:48:05 Render thread finished

----------------------------------------
----------------------------------------
29.11.2014 16:48:05 Execution stopped

----------------------------------------
----------------------------------------
29.11.2014 16:48:05 Rough part created

----------------------------------------
----------------------------------------
29.11.2014 16:48:07 Parsing program ... OK

----------------------------------------
----------------------------------------
29.11.2014 16:48:07 Execution started

----------------------------------------
----------------------------------------
29.11.2014 16:48:07 Trajectories calculated

----------------------------------------
----------------------------------------
29.11.2014 16:48:08 Render thread finished

----------------------------------------
----------------------------------------
29.11.2014 16:48:08 Execution stopped

----------------------------------------
----------------------------------------
29.11.2014 16:48:08 Rough part created

----------------------------------------
----------------------------------------
29.11.2014 16:48:58 Application started

----------------------------------------
----------------------------------------
29.11.2014 16:48:58 OpenGL Version: 3.3.0

----------------------------------------
----------------------------------------
29.11.2014 16:49:16 Opened NC file: C:\Users\Martin\Dropbox\SolidShape\SolidTurn\Release\SolidTurn\Resources\Example Programs\Queen.cnc

----------------------------------------
----------------------------------------
29.11.2014 16:49:20 Rough part created

----------------------------------------
----------------------------------------
29.11.2014 16:49:21 Parsing program ... OK

----------------------------------------
----------------------------------------
29.11.2014 16:49:21 Execution started

----------------------------------------
----------------------------------------
29.11.2014 16:49:21 Trajectories calculated

----------------------------------------
----------------------------------------
29.11.2014 16:51:31 Execution finished

----------------------------------------
----------------------------------------
29.11.2014 16:51:31 Render thread finished

----------------------------------------
----------------------------------------
01.12.2014 21:59:17 Application started

----------------------------------------
----------------------------------------
01.12.2014 21:59:18 OpenGL Version: 3.3.0

----------------------------------------
----------------------------------------
01.12.2014 21:59:48 Opened NC file: C:\Martin\Programmieren\Projekte\CAM_Project\Visual Studio\Turning\Simulation\Resources\Programs\Pawn.cnc

----------------------------------------
----------------------------------------
01.12.2014 21:59:54 Rough part created

----------------------------------------
----------------------------------------
01.12.2014 21:59:56 Parsing program ... OK

----------------------------------------
----------------------------------------
01.12.2014 21:59:56 Execution started

----------------------------------------
----------------------------------------
01.12.2014 21:59:56 Trajectories calculated

----------------------------------------
----------------------------------------
01.12.2014 22:00:44 Execution finished

----------------------------------------
----------------------------------------
01.12.2014 22:00:44 Render thread finished

----------------------------------------
----------------------------------------
01.12.2014 22:01:24 Application started

----------------------------------------
----------------------------------------
01.12.2014 22:01:25 OpenGL Version: 3.3.0

----------------------------------------
----------------------------------------
01.12.2014 22:01:31 Opened NC file: C:\Martin\Programmieren\Projekte\CAM_Project\Visual Studio\Turning\Simulation\Resources\Programs\CircleMovement.cnc

----------------------------------------
----------------------------------------
01.12.2014 22:01:36 Rough part created

----------------------------------------
----------------------------------------
01.12.2014 22:01:37 Parsing program ... OK

----------------------------------------
----------------------------------------
01.12.2014 22:01:37 Execution started

----------------------------------------
----------------------------------------
01.12.2014 22:01:37 Trajectories calculated

----------------------------------------
----------------------------------------
01.12.2014 22:01:53 Execution finished

----------------------------------------
----------------------------------------
01.12.2014 22:01:53 Render thread finished

----------------------------------------
----------------------------------------
01.12.2014 22:01:55 Execution stopped

----------------------------------------
----------------------------------------
01.12.2014 22:01:55 Rough part created

----------------------------------------
----------------------------------------
01.12.2014 22:02:10 Application started

----------------------------------------
----------------------------------------
01.12.2014 22:02:10 OpenGL Version: 3.3.0

----------------------------------------
----------------------------------------
01.12.2014 22:02:17 Opened NC file: C:\Martin\Programmieren\Projekte\CAM_Project\Visual Studio\Turning\Simulation\Resources\Programs\CircleMovement.cnc

----------------------------------------
----------------------------------------
01.12.2014 22:02:20 Rough part created

----------------------------------------
----------------------------------------
01.12.2014 22:02:22 Parsing program ... OK

----------------------------------------
----------------------------------------
01.12.2014 22:02:22 Execution started

----------------------------------------
----------------------------------------
01.12.2014 22:02:22 Trajectories calculated

----------------------------------------
----------------------------------------
01.12.2014 22:02:34 Render thread finished

----------------------------------------
----------------------------------------
01.12.2014 22:02:34 Execution stopped

----------------------------------------
----------------------------------------
01.12.2014 22:02:34 Rough part created

----------------------------------------
----------------------------------------
01.12.2014 22:02:43 Opened NC file: C:\Martin\Programmieren\Projekte\CAM_Project\Visual Studio\Turning\Simulation\Resources\Programs\Pawn - Copy.cnc

----------------------------------------
----------------------------------------
01.12.2014 22:02:49 Rough part created

----------------------------------------
----------------------------------------
01.12.2014 22:02:56 Rough part created

----------------------------------------
----------------------------------------
01.12.2014 22:02:57 Parsing program ... OK

----------------------------------------
----------------------------------------
01.12.2014 22:02:57 Execution started

----------------------------------------
----------------------------------------
01.12.2014 22:02:57 Trajectories calculated

----------------------------------------
----------------------------------------
01.12.2014 22:03:19 Render thread finished

----------------------------------------
----------------------------------------
01.12.2014 22:03:19 Execution stopped

----------------------------------------
----------------------------------------
01.12.2014 22:03:19 Rough part created

----------------------------------------
----------------------------------------
01.12.2014 22:03:24 Opened NC file: C:\Martin\Programmieren\Projekte\CAM_Project\Visual Studio\Turning\Simulation\Resources\Programs\Pawn - Copy.cnc

----------------------------------------
----------------------------------------
01.12.2014 22:03:27 Opened NC file: C:\Martin\Programmieren\Projekte\CAM_Project\Visual Studio\Turning\Simulation\Resources\Programs\Pawn.cnc

----------------------------------------
----------------------------------------
01.12.2014 22:03:33 Rough part created

----------------------------------------
----------------------------------------
01.12.2014 22:03:35 Parsing program ... OK

----------------------------------------
----------------------------------------
01.12.2014 22:03:35 Execution started

----------------------------------------
----------------------------------------
01.12.2014 22:03:35 Trajectories calculated

----------------------------------------
----------------------------------------
01.12.2014 22:04:47 Execution finished

----------------------------------------
----------------------------------------
01.12.2014 22:04:47 Render thread finished

----------------------------------------
----------------------------------------
26.06.2015 19:11:56 Application started

----------------------------------------
----------------------------------------
26.06.2015 19:11:58 OpenGL Version: 3.3.0

----------------------------------------
